
> offcorss-assistant@1.0.0 start /home/ubuntu/offcorss-assistant
> node index.js

App listening on port 80.

> offcorss-assistant@1.0.0 start /home/ubuntu/offcorss-assistant
> node index.js

App listening on port 80.
events.js:160
      throw er; // Unhandled 'error' event
      ^

TypeError: Cannot read property 'password' of null
    at /home/ubuntu/offcorss-assistant/routes/users.js:117:47
    at Query.<anonymous> (/home/ubuntu/offcorss-assistant/node_modules/mongoose/lib/model.js:3755:16)
    at /home/ubuntu/offcorss-assistant/node_modules/kareem/index.js:277:21
    at /home/ubuntu/offcorss-assistant/node_modules/kareem/index.js:131:16
    at _combinedTickCallback (internal/process/next_tick.js:73:7)
    at process._tickCallback (internal/process/next_tick.js:104:9)

npm ERR! Linux 4.4.0-1013-aws
npm ERR! argv "/usr/local/bin/node" "/usr/local/bin/npm" "start"
npm ERR! node v6.11.0
npm ERR! npm  v3.10.10
npm ERR! code ELIFECYCLE
npm ERR! offcorss-assistant@1.0.0 start: `node index.js`
npm ERR! Exit status 1
npm ERR! 
npm ERR! Failed at the offcorss-assistant@1.0.0 start script 'node index.js'.
npm ERR! Make sure you have the latest version of node.js and npm installed.
npm ERR! If you do, this is most likely a problem with the offcorss-assistant package,
npm ERR! not with npm itself.
npm ERR! Tell the author that this fails on your system:
npm ERR!     node index.js
npm ERR! You can get information on how to open an issue for this project with:
npm ERR!     npm bugs offcorss-assistant
npm ERR! Or if that isn't available, you can get their info via:
npm ERR!     npm owner ls offcorss-assistant
npm ERR! There is likely additional logging output above.

npm ERR! Please include the following file with any support request:
npm ERR!     /home/ubuntu/offcorss-assistant/npm-debug.log

> offcorss-assistant@1.0.0 start /home/ubuntu/offcorss-assistant
> node index.js

App listening on port 80.
events.js:160
      throw er; // Unhandled 'error' event
      ^

TypeError: Cannot read property 'password' of null
    at /home/ubuntu/offcorss-assistant/routes/users.js:117:47
    at Query.<anonymous> (/home/ubuntu/offcorss-assistant/node_modules/mongoose/lib/model.js:3755:16)
    at /home/ubuntu/offcorss-assistant/node_modules/kareem/index.js:277:21
    at /home/ubuntu/offcorss-assistant/node_modules/kareem/index.js:131:16
    at _combinedTickCallback (internal/process/next_tick.js:73:7)
    at process._tickCallback (internal/process/next_tick.js:104:9)

npm ERR! Linux 4.4.0-1013-aws
npm ERR! argv "/usr/local/bin/node" "/usr/local/bin/npm" "start"
npm ERR! node v6.11.0
npm ERR! npm  v3.10.10
npm ERR! code ELIFECYCLE
npm ERR! offcorss-assistant@1.0.0 start: `node index.js`
npm ERR! Exit status 1
npm ERR! 
npm ERR! Failed at the offcorss-assistant@1.0.0 start script 'node index.js'.
npm ERR! Make sure you have the latest version of node.js and npm installed.
npm ERR! If you do, this is most likely a problem with the offcorss-assistant package,
npm ERR! not with npm itself.
npm ERR! Tell the author that this fails on your system:
npm ERR!     node index.js
npm ERR! You can get information on how to open an issue for this project with:
npm ERR!     npm bugs offcorss-assistant
npm ERR! Or if that isn't available, you can get their info via:
npm ERR!     npm owner ls offcorss-assistant
npm ERR! There is likely additional logging output above.

npm ERR! Please include the following file with any support request:
npm ERR!     /home/ubuntu/offcorss-assistant/npm-debug.log
